<?xml version="1.0" encoding="UTF-8"?>
<!-- Generated by org.testng.reporters.JUnitReportReporter -->
<testsuite hostname="Krishnas_PC" failures="0" tests="7" name="com.qa.Ordermanagement.Test.DoctorFacilityUserServerOrderTest" time="13.466" errors="0" timestamp="2024-10-07T16:05:41 IST" skipped="0">
  <testcase classname="com.qa.Ordermanagement.Test.DoctorFacilityUserServerOrderTest" name="DoctorFacilityUserLoginTest" time="2.599"/>
  <testcase classname="com.qa.Ordermanagement.Test.DoctorFacilityUserServerOrderTest" name="clickonNewRequestTest" time="4.246"/>
  <testcase classname="com.qa.Ordermanagement.Test.DoctorFacilityUserServerOrderTest" name="clickonSearchoption" time="0.184"/>
  <testcase classname="com.qa.Ordermanagement.Test.DoctorFacilityUserServerOrderTest" name="clickonOrderID" time="3.113"/>
  <testcase classname="com.qa.Ordermanagement.Test.DoctorFacilityUserServerOrderTest" name="fetchOrderID" time="0.064"/>
  <testcase classname="com.qa.Ordermanagement.Test.DoctorFacilityUserServerOrderTest" name="selectInternalstatusTest" time="3.171"/>
  <testcase classname="com.qa.Ordermanagement.Test.DoctorFacilityUserServerOrderTest" name="updateOrderDetails" time="0.089"/>
</testsuite> <!-- com.qa.Ordermanagement.Test.DoctorFacilityUserServerOrderTest -->
