<?xml version="1.0" encoding="UTF-8"?>
<!-- Generated by org.testng.reporters.JUnitReportReporter -->
<testsuite hostname="Krishnas_PC" failures="0" tests="1" name="TestAllureReports.Testcase2" time="0.067" errors="0" timestamp="2024-09-17T08:21:49 IST" skipped="0">
  <testcase classname="TestAllureReports.Testcase2" name="testmethod1" time="0.067"/>
</testsuite> <!-- TestAllureReports.Testcase2 -->
