<?xml version="1.0" encoding="UTF-8"?>
<!-- Generated by org.testng.reporters.JUnitReportReporter -->
<testsuite hostname="Krishnas_PC" failures="0" tests="9" name="com.qa.Ordermanagement.Test.PatientUserOrderTest" time="109.693" errors="0" timestamp="2024-10-16T14:54:14 IST" skipped="0">
  <testcase classname="com.qa.Ordermanagement.Test.PatientUserOrderTest" name="patientuserOrderCreationTest" time="25.441"/>
  <testcase classname="com.qa.Ordermanagement.Test.PatientUserOrderTest" name="uploadpassportfrontTest" time="17.375"/>
  <testcase classname="com.qa.Ordermanagement.Test.PatientUserOrderTest" name="uploadpassportbackpageTest" time="19.264"/>
  <testcase classname="com.qa.Ordermanagement.Test.PatientUserOrderTest" name="uploadHippaDeclaration" time="23.276"/>
  <testcase classname="com.qa.Ordermanagement.Test.PatientUserOrderTest" name="checkTermsandConditions" time="0.142"/>
  <testcase classname="com.qa.Ordermanagement.Test.PatientUserOrderTest" name="clickonsubmitTest" time="5.192"/>
  <testcase classname="com.qa.Ordermanagement.Test.PatientUserOrderTest" name="captureToastMessage" time="4.237"/>
  <testcase classname="com.qa.Ordermanagement.Test.PatientUserOrderTest" name="writetofileOrderId" time="1.068"/>
  <testcase classname="com.qa.Ordermanagement.Test.PatientUserOrderTest" name="ProcesspaymentPage" time="13.698"/>
</testsuite> <!-- com.qa.Ordermanagement.Test.PatientUserOrderTest -->
