<?xml version="1.0" encoding="UTF-8"?>
<!-- Generated by org.testng.reporters.JUnitReportReporter -->
<testsuite hostname="Krishnas_PC" failures="0" tests="3" name="com.qa.Ordermanagement.Test.LoginPageTest" time="14.719" errors="0" timestamp="2024-09-19T14:10:27 IST" skipped="0">
  <testcase classname="com.qa.Ordermanagement.Test.LoginPageTest" name="loginPageLogoTest" time="2.980"/>
  <testcase classname="com.qa.Ordermanagement.Test.LoginPageTest" name="loginPageTitleTest" time="4.044"/>
  <testcase classname="com.qa.Ordermanagement.Test.LoginPageTest" name="loginTest" time="7.695"/>
</testsuite> <!-- com.qa.Ordermanagement.Test.LoginPageTest -->
