<?xml version="1.0" encoding="UTF-8"?>
<!-- Generated by org.testng.reporters.JUnitReportReporter -->
<testsuite hostname="Krishnas_PC" failures="0" tests="2" name="OrderManagement.Newera.serverOrder" time="80.691" errors="0" timestamp="2024-09-27T15:51:51 IST" skipped="0">
  <testcase classname="OrderManagement.Newera.serverOrder" name="logintoapp" time="51.063"/>
  <testcase classname="OrderManagement.Newera.serverOrder" name="uploaddocs" time="29.628"/>
</testsuite> <!-- OrderManagement.Newera.serverOrder -->
