<?xml version="1.0" encoding="UTF-8"?>
<!-- Generated by org.testng.reporters.JUnitReportReporter -->
<testsuite hostname="Krishnas_PC" failures="0" tests="2" name="OrderManagement.Newera.serverOrder" time="81.388" errors="0" timestamp="2024-10-02T09:18:54 IST" skipped="0">
  <testcase classname="OrderManagement.Newera.serverOrder" name="logintoapp" time="51.803"/>
  <testcase classname="OrderManagement.Newera.serverOrder" name="uploaddocs" time="29.585"/>
</testsuite> <!-- OrderManagement.Newera.serverOrder -->
