<?xml version="1.0" encoding="UTF-8"?>
<!-- Generated by org.testng.reporters.JUnitReportReporter -->
<testsuite hostname="Krishnas_PC" failures="0" tests="6" name="com.qa.Ordermanagement.Test.DoctorFacilityUserServerOrderTest" time="14.170" errors="0" timestamp="2024-10-05T11:46:30 IST" skipped="0">
  <testcase classname="com.qa.Ordermanagement.Test.DoctorFacilityUserServerOrderTest" name="DoctorFacilityUserLoginTest" time="2.659"/>
  <testcase classname="com.qa.Ordermanagement.Test.DoctorFacilityUserServerOrderTest" name="clickonNewRequestTest" time="4.642"/>
  <testcase classname="com.qa.Ordermanagement.Test.DoctorFacilityUserServerOrderTest" name="clickonSearchoption" time="0.272"/>
  <testcase classname="com.qa.Ordermanagement.Test.DoctorFacilityUserServerOrderTest" name="clickonOrderID" time="3.211"/>
  <testcase classname="com.qa.Ordermanagement.Test.DoctorFacilityUserServerOrderTest" name="fetchOrderID" time="0.095"/>
  <testcase classname="com.qa.Ordermanagement.Test.DoctorFacilityUserServerOrderTest" name="selectInternalstatusTest" time="3.291"/>
</testsuite> <!-- com.qa.Ordermanagement.Test.DoctorFacilityUserServerOrderTest -->
