<?xml version="1.0" encoding="UTF-8"?>
<!-- Generated by org.testng.reporters.JUnitReportReporter -->
<testsuite hostname="Krishnas_PC" failures="0" tests="6" name="com.qa.Ordermanagement.Test.DoctorFacilityUserServerOrderTest" time="14.010" errors="0" timestamp="2024-10-04T12:20:10 IST" skipped="0">
  <testcase classname="com.qa.Ordermanagement.Test.DoctorFacilityUserServerOrderTest" name="DoctorFacilityUserLoginTest" time="2.800"/>
  <testcase classname="com.qa.Ordermanagement.Test.DoctorFacilityUserServerOrderTest" name="clickonNewRequestTest" time="4.199"/>
  <testcase classname="com.qa.Ordermanagement.Test.DoctorFacilityUserServerOrderTest" name="clickonSearchoption" time="0.318"/>
  <testcase classname="com.qa.Ordermanagement.Test.DoctorFacilityUserServerOrderTest" name="clickonOrderID" time="3.215"/>
  <testcase classname="com.qa.Ordermanagement.Test.DoctorFacilityUserServerOrderTest" name="fetchOrderID" time="0.193"/>
  <testcase classname="com.qa.Ordermanagement.Test.DoctorFacilityUserServerOrderTest" name="selectInternalstatusTest" time="3.285"/>
</testsuite> <!-- com.qa.Ordermanagement.Test.DoctorFacilityUserServerOrderTest -->
