<?xml version="1.0" encoding="UTF-8"?>
<!-- Generated by org.testng.reporters.JUnitReportReporter -->
<testsuite hostname="Krishnas_PC" failures="0" tests="3" name="com.qa.Ordermanagement.Test.PatientNewRegistrationTest" time="13.819" errors="0" timestamp="2024-10-13T13:26:16 IST" skipped="0">
  <testcase classname="com.qa.Ordermanagement.Test.PatientNewRegistrationTest" name="clickonUserSignup" time="3.311"/>
  <testcase classname="com.qa.Ordermanagement.Test.PatientNewRegistrationTest" name="patientuserSignup" time="3.058"/>
  <testcase classname="com.qa.Ordermanagement.Test.PatientNewRegistrationTest" name="PersonalInformation" time="7.450"/>
</testsuite> <!-- com.qa.Ordermanagement.Test.PatientNewRegistrationTest -->
