<?xml version="1.0" encoding="UTF-8"?>
<!-- Generated by org.testng.reporters.JUnitReportReporter -->
<testsuite hostname="Krishnas_PC" failures="0" tests="10" name="com.qa.Ordermanagement.Test.DoctorFacilityUserServerOrderTest" time="26.109" errors="0" timestamp="2024-10-17T06:28:47 IST" skipped="0">
  <testcase classname="com.qa.Ordermanagement.Test.DoctorFacilityUserServerOrderTest" name="DoctorFacilityUserLoginTest" time="2.555"/>
  <testcase classname="com.qa.Ordermanagement.Test.DoctorFacilityUserServerOrderTest" name="clickonNewRequestTest" time="5.071"/>
  <testcase classname="com.qa.Ordermanagement.Test.DoctorFacilityUserServerOrderTest" name="fetchorderidfromfileandsearch" time="0.347"/>
  <testcase classname="com.qa.Ordermanagement.Test.DoctorFacilityUserServerOrderTest" name="clickonOrderID" time="3.172"/>
  <testcase classname="com.qa.Ordermanagement.Test.DoctorFacilityUserServerOrderTest" name="fetchOrderID" time="0.100"/>
  <testcase classname="com.qa.Ordermanagement.Test.DoctorFacilityUserServerOrderTest" name="selectInternalstatusTest" time="3.268"/>
  <testcase classname="com.qa.Ordermanagement.Test.DoctorFacilityUserServerOrderTest" name="updateOrderDetails" time="4.145"/>
  <testcase classname="com.qa.Ordermanagement.Test.DoctorFacilityUserServerOrderTest" name="clickonfiletab" time="3.178"/>
  <testcase classname="com.qa.Ordermanagement.Test.DoctorFacilityUserServerOrderTest" name="uploadbutton" time="2.122"/>
  <testcase classname="com.qa.Ordermanagement.Test.DoctorFacilityUserServerOrderTest" name="clickonbrowsefiles" time="2.151"/>
</testsuite> <!-- com.qa.Ordermanagement.Test.DoctorFacilityUserServerOrderTest -->
