<?xml version="1.0" encoding="UTF-8"?>
<!-- Generated by org.testng.reporters.JUnitReportReporter -->
<testsuite hostname="Krishnas_PC" failures="0" tests="2" name="OrderManagement.Newera.serverOrder" time="77.925" errors="0" timestamp="2024-09-16T21:22:06 IST" skipped="0">
  <testcase classname="OrderManagement.Newera.serverOrder" name="logintoapp" time="52.490"/>
  <testcase classname="OrderManagement.Newera.serverOrder" name="uploaddocs" time="25.435"/>
</testsuite> <!-- OrderManagement.Newera.serverOrder -->
