<?xml version="1.0" encoding="UTF-8"?>
<!-- Generated by org.testng.reporters.JUnitReportReporter -->
<testsuite hostname="Krishnas_PC" failures="0" tests="3" name="com.qa.Ordermanagement.Test.PatientNewRegistrationTest" time="15.747" errors="0" timestamp="2024-10-14T11:29:49 IST" skipped="0">
  <testcase classname="com.qa.Ordermanagement.Test.PatientNewRegistrationTest" name="clickonUserSignup" time="3.358"/>
  <testcase classname="com.qa.Ordermanagement.Test.PatientNewRegistrationTest" name="patientuserSignup" time="3.099"/>
  <testcase classname="com.qa.Ordermanagement.Test.PatientNewRegistrationTest" name="PersonalInformation" time="9.290"/>
</testsuite> <!-- com.qa.Ordermanagement.Test.PatientNewRegistrationTest -->
