<?xml version="1.0" encoding="UTF-8"?>
<!-- Generated by org.testng.reporters.JUnitReportReporter -->
<testsuite hostname="Krishnas_PC" failures="0" tests="3" name="com.qa.Ordermanagement.Test.PatientNewRegistrationTest" time="6.594" errors="0" timestamp="2024-10-11T18:24:19 IST" skipped="0">
  <testcase classname="com.qa.Ordermanagement.Test.PatientNewRegistrationTest" name="clickonUserSignup" time="3.335"/>
  <testcase classname="com.qa.Ordermanagement.Test.PatientNewRegistrationTest" name="patientuserSignup" time="3.085"/>
  <testcase classname="com.qa.Ordermanagement.Test.PatientNewRegistrationTest" name="PersonalInformation" time="0.174"/>
</testsuite> <!-- com.qa.Ordermanagement.Test.PatientNewRegistrationTest -->
