<?xml version="1.0" encoding="UTF-8"?>
<!-- Generated by org.testng.reporters.JUnitReportReporter -->
<testsuite hostname="Krishnas_PC" failures="0" tests="2" name="com.qa.Ordermanagement.Test.DoctorFacilityUserServerOrderTest" time="3.580" errors="0" timestamp="2024-10-02T12:35:16 IST" skipped="0">
  <testcase classname="com.qa.Ordermanagement.Test.DoctorFacilityUserServerOrderTest" name="DoctorFacilityUserLoginTest" time="2.261"/>
  <testcase classname="com.qa.Ordermanagement.Test.DoctorFacilityUserServerOrderTest" name="clickonNewRequestTest" time="1.319"/>
</testsuite> <!-- com.qa.Ordermanagement.Test.DoctorFacilityUserServerOrderTest -->
