<?xml version="1.0" encoding="UTF-8"?>
<!-- Generated by org.testng.reporters.JUnitReportReporter -->
<testsuite hostname="Krishnas_PC" failures="0" tests="3" name="com.qa.Ordermanagement.Test.LoginPageTest" time="3.380" errors="0" timestamp="2024-09-25T13:18:03 IST" skipped="0">
  <testcase classname="com.qa.Ordermanagement.Test.LoginPageTest" name="loginPageLogoTest" time="0.065"/>
  <testcase classname="com.qa.Ordermanagement.Test.LoginPageTest" name="loginPageTitleTest" time="0.011"/>
  <testcase classname="com.qa.Ordermanagement.Test.LoginPageTest" name="loginTest" time="3.304"/>
</testsuite> <!-- com.qa.Ordermanagement.Test.LoginPageTest -->
