<?xml version="1.0" encoding="UTF-8"?>
<!-- Generated by org.testng.reporters.JUnitReportReporter -->
<testsuite hostname="Krishnas_PC" failures="0" tests="7" name="com.qa.Ordermanagement.Test.PatientUserOrderTest" time="111.291" errors="0" timestamp="2024-10-08T21:41:20 IST" skipped="0">
  <testcase classname="com.qa.Ordermanagement.Test.PatientUserOrderTest" name="patientuserOrderCreationTest" time="26.894"/>
  <testcase classname="com.qa.Ordermanagement.Test.PatientUserOrderTest" name="uploadpassportfrontTest" time="17.419"/>
  <testcase classname="com.qa.Ordermanagement.Test.PatientUserOrderTest" name="uploadpassportbackpageTest" time="19.377"/>
  <testcase classname="com.qa.Ordermanagement.Test.PatientUserOrderTest" name="uploadHippaDeclaration" time="23.363"/>
  <testcase classname="com.qa.Ordermanagement.Test.PatientUserOrderTest" name="checkTermsandConditions" time="0.066"/>
  <testcase classname="com.qa.Ordermanagement.Test.PatientUserOrderTest" name="clickonsubmitTest" time="5.109"/>
  <testcase classname="com.qa.Ordermanagement.Test.PatientUserOrderTest" name="ProcesspaymentPage" time="19.063"/>
</testsuite> <!-- com.qa.Ordermanagement.Test.PatientUserOrderTest -->
