<?xml version="1.0" encoding="UTF-8"?>
<!-- Generated by org.testng.reporters.JUnitReportReporter -->
<testsuite hostname="Krishnas_PC" failures="0" tests="3" name="com.qa.Ordermanagement.Test.PatientUserOrderTest" time="54.879" errors="0" timestamp="2024-09-26T12:28:37 IST" skipped="0">
  <testcase classname="com.qa.Ordermanagement.Test.PatientUserOrderTest" name="patientuserOrderCreationTest" time="18.032"/>
  <testcase classname="com.qa.Ordermanagement.Test.PatientUserOrderTest" name="uploadpassportfrontTest" time="17.442"/>
  <testcase classname="com.qa.Ordermanagement.Test.PatientUserOrderTest" name="uploadpassportbackpageTest" time="19.405"/>
</testsuite> <!-- com.qa.Ordermanagement.Test.PatientUserOrderTest -->
