<?xml version="1.0" encoding="UTF-8"?>
<!-- Generated by org.testng.reporters.JUnitReportReporter -->
<testsuite hostname="Krishnas_PC" failures="0" tests="1" name="com.qa.Ordermanagement.Test.PatientUserOrderTest" time="18.996" errors="0" timestamp="2024-09-24T18:12:51 IST" skipped="0">
  <testcase classname="com.qa.Ordermanagement.Test.PatientUserOrderTest" name="patientuserOrderCreationTest" time="18.996"/>
</testsuite> <!-- com.qa.Ordermanagement.Test.PatientUserOrderTest -->
