<?xml version="1.0" encoding="UTF-8"?>
<!-- Generated by org.testng.reporters.JUnitReportReporter -->
<testsuite hostname="Krishnas_PC" failures="0" tests="3" name="com.qa.Ordermanagement.Test.PatientNewRegistrationTest" time="15.352" errors="0" timestamp="2024-10-14T11:43:49 IST" skipped="0">
  <testcase classname="com.qa.Ordermanagement.Test.PatientNewRegistrationTest" name="clickonUserSignup" time="3.349"/>
  <testcase classname="com.qa.Ordermanagement.Test.PatientNewRegistrationTest" name="patientuserSignup" time="3.076"/>
  <testcase classname="com.qa.Ordermanagement.Test.PatientNewRegistrationTest" name="PersonalInformation" time="8.927"/>
</testsuite> <!-- com.qa.Ordermanagement.Test.PatientNewRegistrationTest -->
