<?xml version="1.0" encoding="UTF-8"?>
<!-- Generated by org.testng.reporters.JUnitReportReporter -->
<testsuite hostname="Krishnas_PC" failures="0" tests="9" name="com.qa.Ordermanagement.Test.PatientUserOrderTest" time="109.329" errors="0" timestamp="2024-10-15T09:19:22 IST" skipped="0">
  <testcase classname="com.qa.Ordermanagement.Test.PatientUserOrderTest" name="patientuserOrderCreationTest" time="26.196"/>
  <testcase classname="com.qa.Ordermanagement.Test.PatientUserOrderTest" name="uploadpassportfrontTest" time="17.322"/>
  <testcase classname="com.qa.Ordermanagement.Test.PatientUserOrderTest" name="uploadpassportbackpageTest" time="19.263"/>
  <testcase classname="com.qa.Ordermanagement.Test.PatientUserOrderTest" name="uploadHippaDeclaration" time="23.267"/>
  <testcase classname="com.qa.Ordermanagement.Test.PatientUserOrderTest" name="checkTermsandConditions" time="0.134"/>
  <testcase classname="com.qa.Ordermanagement.Test.PatientUserOrderTest" name="clickonsubmitTest" time="5.181"/>
  <testcase classname="com.qa.Ordermanagement.Test.PatientUserOrderTest" name="captureToastMessage" time="3.175"/>
  <testcase classname="com.qa.Ordermanagement.Test.PatientUserOrderTest" name="writetofileOrderId" time="1.071"/>
  <testcase classname="com.qa.Ordermanagement.Test.PatientUserOrderTest" name="ProcesspaymentPage" time="13.720"/>
</testsuite> <!-- com.qa.Ordermanagement.Test.PatientUserOrderTest -->
