<?xml version="1.0" encoding="UTF-8"?>
<!-- Generated by org.testng.reporters.JUnitReportReporter -->
<testsuite hostname="Krishnas_PC" failures="0" tests="7" name="OrderManagement.Newera.placeOrder" time="129.552" errors="0" timestamp="2024-09-19T14:55:30 IST" skipped="0">
  <testcase classname="OrderManagement.Newera.placeOrder" name="appsetup" time="2.068"/>
  <testcase classname="OrderManagement.Newera.placeOrder" name="patietflow" time="24.690"/>
  <testcase classname="OrderManagement.Newera.placeOrder" name="identity" time="20.674"/>
  <testcase classname="OrderManagement.Newera.placeOrder" name="bpageupload" time="16.382"/>
  <testcase classname="OrderManagement.Newera.placeOrder" name="uploadfileHippa" time="19.481"/>
  <testcase classname="OrderManagement.Newera.placeOrder" name="performsubmit" time="22.118"/>
  <testcase classname="OrderManagement.Newera.placeOrder" name="keyinpaymentdetails" time="24.139"/>
</testsuite> <!-- OrderManagement.Newera.placeOrder -->
